<?xml version="1.0" encoding="UTF-8"?>
<!-- Generated by org.testng.reporters.JUnitXMLReporter -->
<testsuite ignored="0" hostname="NatsenetDell" failures="1" tests="2" name="opencartTest" time="521.716" errors="0" timestamp="2023-10-01T13:44:04 IDT">
  <testcase classname="tsetCases.AccountRegistrationTest" name="test_account_Registeration" time="16.071">
    <failure type="java.lang.AssertionError" message="null">
      <![CDATA[java.lang.AssertionError: null
at tsetCases.AccountRegistrationTest.test_account_Registeration(AccountRegistrationTest.java:62)
at java.base/java.util.ArrayList.forEach(ArrayList.java:1541)
... Removed 33 stack frames]]>
    </failure>
  </testcase> <!-- test_account_Registeration -->
  <testcase classname="tsetCases.LoinTest" name="test_login" time="45.281"/>
</testsuite> <!-- opencartTest -->
