<?xml version="1.0" encoding="UTF-8"?>
<testng-results ignored="0" total="2" passed="1" failed="1" skipped="0">
  <reporter-output>
  </reporter-output>
  <suite started-at="2023-10-01T13:35:21 IDT" name="opencartSuite" finished-at="2023-10-01T13:44:02 IDT" duration-ms="521716">
    <groups>
      <group name="Master">
        <method signature="AccountRegistrationTest.test_account_Registeration()[pri:0, instance:tsetCases.AccountRegistrationTest@434a63ab]" name="test_account_Registeration" class="tsetCases.AccountRegistrationTest"/>
        <method signature="LoinTest.test_login()[pri:0, instance:tsetCases.LoinTest@f0da945]" name="test_login" class="tsetCases.LoinTest"/>
      </group> <!-- Master -->
      <group name="Sanity">
        <method signature="LoinTest.test_login()[pri:0, instance:tsetCases.LoinTest@f0da945]" name="test_login" class="tsetCases.LoinTest"/>
      </group> <!-- Sanity -->
      <group name="Regression">
        <method signature="AccountRegistrationTest.test_account_Registeration()[pri:0, instance:tsetCases.AccountRegistrationTest@434a63ab]" name="test_account_Registeration" class="tsetCases.AccountRegistrationTest"/>
      </group> <!-- Regression -->
    </groups>
    <test started-at="2023-10-01T13:35:21 IDT" name="opencartTest" finished-at="2023-10-01T13:44:02 IDT" duration-ms="521716">
      <class name="tsetCases.LoinTest">
        <test-method is-config="true" signature="setup(java.lang.String)[pri:0, instance:tsetCases.LoinTest@f0da945]" started-at="2023-10-01T13:40:39 IDT" name="setup" finished-at="2023-10-01T13:43:17 IDT" duration-ms="158278" status="PASS">
          <params>
            <param index="0">
              <value>
                <![CDATA[chrome]]>
              </value>
            </param>
          </params>
          <reporter-output>
          </reporter-output>
        </test-method> <!-- setup -->
        <test-method signature="test_login()[pri:0, instance:tsetCases.LoinTest@f0da945]" started-at="2023-10-01T13:43:17 IDT" name="test_login" finished-at="2023-10-01T13:44:02 IDT" duration-ms="45281" status="PASS">
          <reporter-output>
          </reporter-output>
        </test-method> <!-- test_login -->
        <test-method is-config="true" signature="tearDown()[pri:0, instance:tsetCases.LoinTest@f0da945]" started-at="2023-10-01T13:44:02 IDT" name="tearDown" finished-at="2023-10-01T13:44:02 IDT" duration-ms="1" status="PASS">
          <reporter-output>
          </reporter-output>
        </test-method> <!-- tearDown -->
      </class> <!-- tsetCases.LoinTest -->
      <class name="tsetCases.AccountRegistrationTest">
        <test-method is-config="true" signature="setup(java.lang.String)[pri:0, instance:tsetCases.AccountRegistrationTest@434a63ab]" started-at="2023-10-01T13:35:27 IDT" name="setup" finished-at="2023-10-01T13:40:21 IDT" duration-ms="294389" status="PASS">
          <params>
            <param index="0">
              <value>
                <![CDATA[chrome]]>
              </value>
            </param>
          </params>
          <reporter-output>
          </reporter-output>
        </test-method> <!-- setup -->
        <test-method signature="test_account_Registeration()[pri:0, instance:tsetCases.AccountRegistrationTest@434a63ab]" started-at="2023-10-01T13:40:21 IDT" name="test_account_Registeration" finished-at="2023-10-01T13:40:37 IDT" duration-ms="16071" status="FAIL">
          <exception class="java.lang.AssertionError">
            <message>
              <![CDATA[null]]>
            </message>
            <full-stacktrace>
              <![CDATA[java.lang.AssertionError: null
at org.testng.Assert.fail(Assert.java:99)
at org.testng.Assert.fail(Assert.java:106)
at tsetCases.AccountRegistrationTest.test_account_Registeration(AccountRegistrationTest.java:62)
at java.base/jdk.internal.reflect.NativeMethodAccessorImpl.invoke0(Native Method)
at java.base/jdk.internal.reflect.NativeMethodAccessorImpl.invoke(NativeMethodAccessorImpl.java:62)
at java.base/jdk.internal.reflect.DelegatingMethodAccessorImpl.invoke(DelegatingMethodAccessorImpl.java:43)
at java.base/java.lang.reflect.Method.invoke(Method.java:566)
at org.testng.internal.MethodInvocationHelper.invokeMethod(MethodInvocationHelper.java:133)
at org.testng.internal.TestInvoker.invokeMethod(TestInvoker.java:598)
at org.testng.internal.TestInvoker.invokeTestMethod(TestInvoker.java:173)
at org.testng.internal.MethodRunner.runInSequence(MethodRunner.java:46)
at org.testng.internal.TestInvoker$MethodInvocationAgent.invoke(TestInvoker.java:824)
at org.testng.internal.TestInvoker.invokeTestMethods(TestInvoker.java:146)
at org.testng.internal.TestMethodWorker.invokeTestMethods(TestMethodWorker.java:146)
at org.testng.internal.TestMethodWorker.run(TestMethodWorker.java:128)
at java.base/java.util.ArrayList.forEach(ArrayList.java:1541)
at org.testng.TestRunner.privateRun(TestRunner.java:794)
at org.testng.TestRunner.run(TestRunner.java:596)
at org.testng.SuiteRunner.runTest(SuiteRunner.java:377)
at org.testng.SuiteRunner.runSequentially(SuiteRunner.java:371)
at org.testng.SuiteRunner.privateRun(SuiteRunner.java:332)
at org.testng.SuiteRunner.run(SuiteRunner.java:276)
at org.testng.SuiteRunnerWorker.runSuite(SuiteRunnerWorker.java:53)
at org.testng.SuiteRunnerWorker.run(SuiteRunnerWorker.java:96)
at org.testng.TestNG.runSuitesSequentially(TestNG.java:1212)
at org.testng.TestNG.runSuitesLocally(TestNG.java:1134)
at org.testng.TestNG.runSuites(TestNG.java:1063)
at org.testng.TestNG.run(TestNG.java:1031)
at org.apache.maven.surefire.testng.TestNGExecutor.run(TestNGExecutor.java:308)
at org.apache.maven.surefire.testng.TestNGXmlTestSuite.execute(TestNGXmlTestSuite.java:71)
at org.apache.maven.surefire.testng.TestNGProvider.invoke(TestNGProvider.java:113)
at org.apache.maven.surefire.booter.ForkedBooter.runSuitesInProcess(ForkedBooter.java:385)
at org.apache.maven.surefire.booter.ForkedBooter.execute(ForkedBooter.java:162)
at org.apache.maven.surefire.booter.ForkedBooter.run(ForkedBooter.java:507)
at org.apache.maven.surefire.booter.ForkedBooter.main(ForkedBooter.java:495)
]]>
            </full-stacktrace>
          </exception> <!-- java.lang.AssertionError -->
          <reporter-output>
          </reporter-output>
        </test-method> <!-- test_account_Registeration -->
        <test-method is-config="true" signature="tearDown()[pri:0, instance:tsetCases.AccountRegistrationTest@434a63ab]" started-at="2023-10-01T13:40:39 IDT" name="tearDown" finished-at="2023-10-01T13:40:39 IDT" duration-ms="0" status="PASS">
          <reporter-output>
          </reporter-output>
        </test-method> <!-- tearDown -->
      </class> <!-- tsetCases.AccountRegistrationTest -->
    </test> <!-- opencartTest -->
  </suite> <!-- opencartSuite -->
</testng-results>
